<?xml version="1.0" encoding="UTF-8"?>
<!-- Generated by org.testng.reporters.JUnitXMLReporter -->
<testsuite ignored="0" hostname="DESKTOP-A1KVQ57" failures="0" tests="19" name="Default test" time="856.874" errors="0" timestamp="02 Apr 2024 09:47:54 GMT">
  <testcase classname="com.wizrspaceAPP.TestWizrspace" name="login" time="16.72"/>
  <testcase classname="com.wizrspaceAPP.TestWizrspace" name="wizr_space" time="45.115"/>
  <testcase classname="com.wizrspaceAPP.TestWizrspace" name="wizrspace_home" time="51.575"/>
  <testcase classname="com.wizrspaceAPP.TestWizrspace" name="starredfile" time="22.56"/>
  <testcase classname="com.wizrspaceAPP.TestWizrspace" name="Sharedfile" time="68.033"/>
  <testcase classname="com.wizrspaceAPP.TestWizrspace" name="share_via_link" time="14.353"/>
  <testcase classname="com.wizrspaceAPP.TestWizrspace" name="Renamefile" time="10.377"/>
  <testcase classname="com.wizrspaceAPP.TestWizrspace" name="Tag" time="34.018"/>
  <testcase classname="com.wizrspaceAPP.TestWizrspace" name="enable_disable_comment" time="4.256"/>
  <testcase classname="com.wizrspaceAPP.TestWizrspace" name="duplicate_file" time="7.194"/>
  <testcase classname="com.wizrspaceAPP.TestWizrspace" name="view_comment" time="5.219"/>
  <testcase classname="com.wizrspaceAPP.TestWizrspace" name="file_properties" time="51.916"/>
  <testcase classname="com.wizrspaceAPP.TestWizrspace" name="delete_and_undo" time="15.261"/>
  <testcase classname="com.wizrspaceAPP.TestWizrspace" name="movefile" time="20.391"/>
  <testcase classname="com.wizrspaceAPP.TestWizrspace" name="changelogin" time="76.088"/>
  <testcase classname="com.wizrspaceAPP.TestWizrspace" name="backtomainlogin" time="19.91"/>
  <testcase classname="com.wizrspaceAPP.TestWizrspace" name="duplicatefile_allOptioncheck" time="0.0"/>
  <testcase classname="com.wizrspaceAPP.TestWizrspace" name="recentpage" time="0.001"/>
  <testcase classname="com.wizrspaceAPP.TestWizrspace" name="Listviewpage" time="390.488"/>
</testsuite> <!-- Default test -->
